<?xml version="1.0" encoding="UTF-8"?>
<testng-results ignored="0" total="1" passed="1" failed="0" skipped="0">
  <reporter-output>
  </reporter-output>
  <suite started-at="2022-10-01T07:23:42Z" name="Default suite" finished-at="2022-10-01T07:23:42Z" duration-ms="64">
    <groups>
    </groups>
    <test started-at="2022-10-01T07:23:42Z" name="Default test" finished-at="2022-10-01T07:23:42Z" duration-ms="64">
      <class name="testpackage.Avenger">
        <test-method signature="test()[pri:0, instance:testpackage.Avenger@525f1e4e]" started-at="2022-10-01T12:53:42Z" name="test" finished-at="2022-10-01T12:53:42Z" duration-ms="21" status="PASS">
          <reporter-output>
          </reporter-output>
        </test-method> <!-- test -->
      </class> <!-- testpackage.Avenger -->
    </test> <!-- Default test -->
  </suite> <!-- Default suite -->
</testng-results>
